<?xml version="1.0" encoding="UTF-8"?>
<testng-results ignored="0" total="4" passed="4" failed="0" skipped="0">
  <reporter-output>
  </reporter-output>
  <suite started-at="2020-07-19T15:39:02 IST" name="Suite" finished-at="2020-07-19T15:40:25 IST" duration-ms="82762">
    <groups>
    </groups>
    <test started-at="2020-07-19T15:39:02 IST" name="Test" finished-at="2020-07-19T15:40:25 IST" duration-ms="82762">
      <class name="com.leaftaps.testcases.TC002_Login">
        <test-method is-config="true" signature="setData()[pri:0, instance:com.leaftaps.testcases.TC002_Login@ba54932]" started-at="2020-07-19T15:39:02 IST" name="setData" finished-at="2020-07-19T15:39:02 IST" duration-ms="0" status="PASS">
          <reporter-output>
          </reporter-output>
        </test-method> <!-- setData -->
        <test-method is-config="true" signature="openApp(java.lang.String)[pri:0, instance:com.leaftaps.testcases.TC002_Login@ba54932]" started-at="2020-07-19T15:39:04 IST" name="openApp" finished-at="2020-07-19T15:39:14 IST" duration-ms="10481" status="PASS">
          <params>
            <param index="0">
              <value>
                <![CDATA[http://leaftaps.com/opentaps]]>
              </value>
            </param>
          </params>
          <reporter-output>
          </reporter-output>
        </test-method> <!-- openApp -->
        <test-method signature="runTC002(java.lang.String, java.lang.String)[pri:0, instance:com.leaftaps.testcases.TC002_Login@ba54932]" started-at="2020-07-19T15:39:14 IST" name="runTC002" data-provider="ArrayData" finished-at="2020-07-19T15:39:16 IST" duration-ms="1751" status="PASS">
          <params>
            <param index="0">
              <value>
                <![CDATA[Demosalesmanager]]>
              </value>
            </param>
            <param index="1">
              <value>
                <![CDATA[crmsfa]]>
              </value>
            </param>
          </params>
          <reporter-output>
          </reporter-output>
        </test-method> <!-- runTC002 -->
        <test-method is-config="true" signature="closeApp()[pri:0, instance:com.leaftaps.testcases.TC002_Login@ba54932]" started-at="2020-07-19T15:39:16 IST" name="closeApp" finished-at="2020-07-19T15:39:17 IST" duration-ms="660" status="PASS">
          <reporter-output>
          </reporter-output>
        </test-method> <!-- closeApp -->
        <test-method is-config="true" signature="openApp(java.lang.String)[pri:0, instance:com.leaftaps.testcases.TC002_Login@ba54932]" started-at="2020-07-19T15:39:17 IST" name="openApp" finished-at="2020-07-19T15:39:24 IST" duration-ms="7456" status="PASS">
          <params>
            <param index="0">
              <value>
                <![CDATA[http://leaftaps.com/opentaps]]>
              </value>
            </param>
          </params>
          <reporter-output>
          </reporter-output>
        </test-method> <!-- openApp -->
        <test-method signature="runTC002(java.lang.String, java.lang.String)[pri:0, instance:com.leaftaps.testcases.TC002_Login@ba54932]" started-at="2020-07-19T15:39:24 IST" name="runTC002" data-provider="ArrayData" finished-at="2020-07-19T15:39:28 IST" duration-ms="3376" status="PASS">
          <params>
            <param index="0">
              <value>
                <![CDATA[Democsr]]>
              </value>
            </param>
            <param index="1">
              <value>
                <![CDATA[crmsfa]]>
              </value>
            </param>
          </params>
          <reporter-output>
          </reporter-output>
        </test-method> <!-- runTC002 -->
        <test-method is-config="true" signature="closeApp()[pri:0, instance:com.leaftaps.testcases.TC002_Login@ba54932]" started-at="2020-07-19T15:39:28 IST" name="closeApp" finished-at="2020-07-19T15:39:29 IST" duration-ms="1030" status="PASS">
          <reporter-output>
          </reporter-output>
        </test-method> <!-- closeApp -->
      </class> <!-- com.leaftaps.testcases.TC002_Login -->
      <class name="com.leaftaps.testcases.TC001_CreateLead">
        <test-method is-config="true" signature="setData()[pri:0, instance:com.leaftaps.testcases.TC001_CreateLead@28975c28]" started-at="2020-07-19T15:39:02 IST" name="setData" finished-at="2020-07-19T15:39:02 IST" duration-ms="29" status="PASS">
          <reporter-output>
          </reporter-output>
        </test-method> <!-- setData -->
        <test-method is-config="true" signature="openApp(java.lang.String)[pri:0, instance:com.leaftaps.testcases.TC001_CreateLead@28975c28]" started-at="2020-07-19T15:39:04 IST" name="openApp" finished-at="2020-07-19T15:39:14 IST" duration-ms="10339" status="PASS">
          <params>
            <param index="0">
              <value>
                <![CDATA[http://leaftaps.com/opentaps]]>
              </value>
            </param>
          </params>
          <reporter-output>
          </reporter-output>
        </test-method> <!-- openApp -->
        <test-method signature="runCreateLead(java.lang.String, java.lang.String, java.lang.String, java.lang.String, java.lang.String)[pri:0, instance:com.leaftaps.testcases.TC001_CreateLead@28975c28]" started-at="2020-07-19T15:39:14 IST" name="runCreateLead" data-provider="ArrayData" finished-at="2020-07-19T15:39:40 IST" duration-ms="25663" status="PASS">
          <params>
            <param index="0">
              <value>
                <![CDATA[Demosalesmanager]]>
              </value>
            </param>
            <param index="1">
              <value>
                <![CDATA[crmsfa]]>
              </value>
            </param>
            <param index="2">
              <value>
                <![CDATA[TL]]>
              </value>
            </param>
            <param index="3">
              <value>
                <![CDATA[Balaji]]>
              </value>
            </param>
            <param index="4">
              <value>
                <![CDATA[C]]>
              </value>
            </param>
          </params>
          <reporter-output>
          </reporter-output>
        </test-method> <!-- runCreateLead -->
        <test-method is-config="true" signature="closeApp()[pri:0, instance:com.leaftaps.testcases.TC001_CreateLead@28975c28]" started-at="2020-07-19T15:39:40 IST" name="closeApp" finished-at="2020-07-19T15:39:44 IST" duration-ms="4129" status="PASS">
          <reporter-output>
          </reporter-output>
        </test-method> <!-- closeApp -->
        <test-method is-config="true" signature="openApp(java.lang.String)[pri:0, instance:com.leaftaps.testcases.TC001_CreateLead@28975c28]" started-at="2020-07-19T15:39:44 IST" name="openApp" finished-at="2020-07-19T15:39:50 IST" duration-ms="6388" status="PASS">
          <params>
            <param index="0">
              <value>
                <![CDATA[http://leaftaps.com/opentaps]]>
              </value>
            </param>
          </params>
          <reporter-output>
          </reporter-output>
        </test-method> <!-- openApp -->
        <test-method signature="runCreateLead(java.lang.String, java.lang.String, java.lang.String, java.lang.String, java.lang.String)[pri:0, instance:com.leaftaps.testcases.TC001_CreateLead@28975c28]" started-at="2020-07-19T15:39:50 IST" name="runCreateLead" data-provider="ArrayData" finished-at="2020-07-19T15:40:21 IST" duration-ms="30360" status="PASS">
          <params>
            <param index="0">
              <value>
                <![CDATA[Demosalesmanager]]>
              </value>
            </param>
            <param index="1">
              <value>
                <![CDATA[crmsfa]]>
              </value>
            </param>
            <param index="2">
              <value>
                <![CDATA[TL]]>
              </value>
            </param>
            <param index="3">
              <value>
                <![CDATA[Dhivya]]>
              </value>
            </param>
            <param index="4">
              <value>
                <![CDATA[P]]>
              </value>
            </param>
          </params>
          <reporter-output>
          </reporter-output>
        </test-method> <!-- runCreateLead -->
        <test-method is-config="true" signature="closeApp()[pri:0, instance:com.leaftaps.testcases.TC001_CreateLead@28975c28]" started-at="2020-07-19T15:40:21 IST" name="closeApp" finished-at="2020-07-19T15:40:25 IST" duration-ms="4188" status="PASS">
          <reporter-output>
          </reporter-output>
        </test-method> <!-- closeApp -->
      </class> <!-- com.leaftaps.testcases.TC001_CreateLead -->
    </test> <!-- Test -->
  </suite> <!-- Suite -->
</testng-results>
