<?xml version="1.0" encoding="UTF-8"?>
<!-- Generated by org.testng.reporters.JUnitXMLReporter -->
<testsuite ignored="0" hostname="DESKTOP-5EVM3C9" failures="0" tests="4" name="Test" time="82.762" errors="0" timestamp="2020-07-19T15:40:25 IST">
  <testcase classname="com.leaftaps.testcases.TC002_Login" name="runTC002" time="1.751"/>
  <testcase classname="com.leaftaps.testcases.TC002_Login" name="runTC002" time="3.376"/>
  <testcase classname="com.leaftaps.testcases.TC001_CreateLead" name="runCreateLead" time="25.663"/>
  <testcase classname="com.leaftaps.testcases.TC001_CreateLead" name="runCreateLead" time="30.36"/>
</testsuite> <!-- Test -->
