<?xml version="1.0" encoding="UTF-8"?>
<!-- Generated by org.testng.reporters.JUnitXMLReporter -->
<testsuite hostname="DESKTOP-U8UDBFC" ignored="0" name="Test" tests="1" failures="1" timestamp="20 Apr 2020 18:58:25 GMT" time="13.294" errors="0">
  <testcase name="runScenario" time="0.905" classname="cucumber.api.testng.AbstractTestNGCucumberTests">
    <failure type="java.lang.NullPointerException">
      <![CDATA[java.lang.NullPointerException
at utils.Reporter.reportStep(Reporter.java:62)
at utils.Reporter.reportStep(Reporter.java:71)
at com.leafBot.selenium.api.base.SeleniumBase.clearAndType(SeleniumBase.java:91)
at com.leafBot.pages.LoginPage.enterUsername(LoginPage.java:33)
at ✽.enter username as Demosalesmanager(src\main\java\features\Login.feature:5)
]]>
    </failure>
  </testcase> <!-- runScenario -->
</testsuite> <!-- Test -->
