<?xml version="1.0" encoding="UTF-8"?>
<!-- Generated by org.testng.reporters.JUnitXMLReporter -->
<testsuite ignored="2" hostname="DESKTOP-5EVM3C9" failures="0" tests="7" name="Test" time="54.642" errors="0" timestamp="26 Jul 2020 10:56:54 GMT">
  <testcase classname="com.leafBot.testcases.TC002_LoginForFailure" name="createLeaf" time="4.407"/>
  <testcase classname="com.leafBot.testcases.TC001_LoginLogOut" name="createLeaf" time="4.349"/>
  <testcase classname="com.leafBot.testcases.TC002_LoginForFailure" name="createLeaf" time="3.074"/>
  <testcase classname="com.leafBot.testcases.TC001_LoginLogOut" name="createLeaf" time="5.234"/>
  <testcase classname="com.leafBot.testcases.TC002_LoginForFailure" name="createLeaf" time="2.896"/>
  <testcase classname="com.leafBot.testcases.TC001_LoginLogOut" name="createLeaf" time="3.799"/>
  <testcase classname="com.leafBot.testcases.TC002_LoginForFailure" name="createLeaf" time="2.686"/>
  <testcase classname="utils.Reporter" name="@AfterSuite stopReport" time="0.0">
    <ignored/>
  </testcase> <!-- @AfterSuite stopReport -->
  <testcase classname="utils.Reporter" name="@BeforeSuite startReport" time="0.0">
    <ignored/>
  </testcase> <!-- @BeforeSuite startReport -->
</testsuite> <!-- Test -->
