<?xml version="1.0" encoding="UTF-8"?>
<testng-results skipped="0" failed="0" ignored="0" total="1" passed="1">
  <reporter-output>
  </reporter-output>
  <suite name="Suite" duration-ms="21238" started-at="2020-03-10T09:05:28Z" finished-at="2020-03-10T09:05:49Z">
    <groups>
      <group name="cucumber">
        <method signature="AbstractTestNGCucumberTests.runScenario(cucumber.api.testng.PickleEventWrapper, cucumber.api.testng.CucumberFeatureWrapper)[pri:0, instance:com.leafBot.testcases.TC001_Create@2b98378d]" name="runScenario" class="cucumber.api.testng.AbstractTestNGCucumberTests"/>
      </group> <!-- cucumber -->
    </groups>
    <test name="Test" duration-ms="21238" started-at="2020-03-10T09:05:28Z" finished-at="2020-03-10T09:05:49Z">
      <class name="com.leafBot.testcases.TC001_Create">
        <test-method status="PASS" signature="startReport()[pri:0, instance:com.leafBot.testcases.TC001_Create@2b98378d]" name="startReport" is-config="true" duration-ms="395" started-at="2020-03-10T09:05:28Z" finished-at="2020-03-10T09:05:28Z">
          <reporter-output>
          </reporter-output>
        </test-method> <!-- startReport -->
        <test-method status="PASS" signature="setValues()[pri:0, instance:com.leafBot.testcases.TC001_Create@2b98378d]" name="setValues" is-config="true" duration-ms="0" started-at="2020-03-10T09:05:28Z" finished-at="2020-03-10T09:05:28Z">
          <reporter-output>
          </reporter-output>
        </test-method> <!-- setValues -->
        <test-method status="PASS" signature="setUpClass()[pri:0, instance:com.leafBot.testcases.TC001_Create@2b98378d]" name="setUpClass" is-config="true" duration-ms="100" started-at="2020-03-10T09:05:28Z" finished-at="2020-03-10T09:05:28Z">
          <reporter-output>
          </reporter-output>
        </test-method> <!-- setUpClass -->
        <test-method status="PASS" signature="report()[pri:0, instance:com.leafBot.testcases.TC001_Create@2b98378d]" name="report" is-config="true" duration-ms="0" started-at="2020-03-10T09:05:28Z" finished-at="2020-03-10T09:05:28Z">
          <reporter-output>
          </reporter-output>
        </test-method> <!-- report -->
        <test-method status="PASS" signature="beforeMethod()[pri:0, instance:com.leafBot.testcases.TC001_Create@2b98378d]" name="beforeMethod" is-config="true" duration-ms="13443" started-at="2020-03-10T09:05:28Z" finished-at="2020-03-10T09:05:42Z">
          <reporter-output>
          </reporter-output>
        </test-method> <!-- beforeMethod -->
        <test-method status="PASS" signature="createAccount()[pri:0, instance:com.leafBot.testcases.TC001_Create@2b98378d]" name="createAccount" duration-ms="7494" started-at="2020-03-10T09:05:42Z" finished-at="2020-03-10T09:05:49Z">
          <reporter-output>
          </reporter-output>
        </test-method> <!-- createAccount -->
        <test-method status="PASS" signature="afterMethod()[pri:0, instance:com.leafBot.testcases.TC001_Create@2b98378d]" name="afterMethod" is-config="true" duration-ms="160" started-at="2020-03-10T09:05:49Z" finished-at="2020-03-10T09:05:49Z">
          <reporter-output>
          </reporter-output>
        </test-method> <!-- afterMethod -->
        <test-method status="PASS" signature="tearDownClass()[pri:0, instance:com.leafBot.testcases.TC001_Create@2b98378d]" name="tearDownClass" is-config="true" duration-ms="0" started-at="2020-03-10T09:05:49Z" finished-at="2020-03-10T09:05:49Z">
          <reporter-output>
          </reporter-output>
        </test-method> <!-- tearDownClass -->
        <test-method status="PASS" signature="stopReport()[pri:0, instance:com.leafBot.testcases.TC001_Create@2b98378d]" name="stopReport" is-config="true" duration-ms="386" started-at="2020-03-10T09:05:49Z" finished-at="2020-03-10T09:05:50Z">
          <reporter-output>
          </reporter-output>
        </test-method> <!-- stopReport -->
      </class> <!-- com.leafBot.testcases.TC001_Create -->
    </test> <!-- Test -->
  </suite> <!-- Suite -->
</testng-results>
