<?xml version="1.0" encoding="UTF-8"?>
<testng-results skipped="0" failed="1" ignored="0" total="1" passed="0">
  <reporter-output>
  </reporter-output>
  <suite name="Suite" duration-ms="13294" started-at="2020-04-20T18:58:11Z" finished-at="2020-04-20T18:58:25Z">
    <groups>
      <group name="cucumber">
        <method signature="AbstractTestNGCucumberTests.runScenario(cucumber.api.testng.PickleEventWrapper, cucumber.api.testng.CucumberFeatureWrapper)[pri:0, instance:com.leafBot.testcases.RunnerClass@18ce0030]" name="runScenario" class="cucumber.api.testng.AbstractTestNGCucumberTests"/>
      </group> <!-- cucumber -->
    </groups>
    <test name="Test" duration-ms="13294" started-at="2020-04-20T18:58:11Z" finished-at="2020-04-20T18:58:25Z">
      <class name="com.leafBot.testcases.RunnerClass">
        <test-method status="PASS" signature="startReport()[pri:0, instance:com.leafBot.testcases.RunnerClass@18ce0030]" name="startReport" is-config="true" duration-ms="112" started-at="2020-04-20T18:58:11Z" finished-at="2020-04-20T18:58:11Z">
          <reporter-output>
          </reporter-output>
        </test-method> <!-- startReport -->
        <test-method status="PASS" signature="setValues()[pri:0, instance:com.leafBot.testcases.RunnerClass@18ce0030]" name="setValues" is-config="true" duration-ms="0" started-at="2020-04-20T18:58:11Z" finished-at="2020-04-20T18:58:11Z">
          <reporter-output>
          </reporter-output>
        </test-method> <!-- setValues -->
        <test-method status="PASS" signature="setUpClass()[pri:0, instance:com.leafBot.testcases.RunnerClass@18ce0030]" name="setUpClass" is-config="true" duration-ms="108" started-at="2020-04-20T18:58:11Z" finished-at="2020-04-20T18:58:12Z">
          <reporter-output>
          </reporter-output>
        </test-method> <!-- setUpClass -->
        <test-method status="PASS" signature="report()[pri:0, instance:com.leafBot.testcases.RunnerClass@18ce0030]" name="report" is-config="true" duration-ms="8" started-at="2020-04-20T18:58:12Z" finished-at="2020-04-20T18:58:12Z">
          <reporter-output>
          </reporter-output>
        </test-method> <!-- report -->
        <test-method status="PASS" signature="beforeMethod()[pri:0, instance:com.leafBot.testcases.RunnerClass@18ce0030]" name="beforeMethod" is-config="true" duration-ms="12217" started-at="2020-04-20T18:58:12Z" finished-at="2020-04-20T18:58:24Z">
          <reporter-output>
          </reporter-output>
        </test-method> <!-- beforeMethod -->
        <test-method status="FAIL" signature="runScenario(cucumber.api.testng.PickleEventWrapper, cucumber.api.testng.CucumberFeatureWrapper)[pri:0, instance:com.leafBot.testcases.RunnerClass@18ce0030]" name="runScenario" duration-ms="905" started-at="2020-04-20T18:58:24Z" description="Runs Cucumber Scenarios" data-provider="scenarios" finished-at="2020-04-20T18:58:25Z">
          <params>
            <param index="0">
              <value>
                <![CDATA["TC001 Login with valid credentials"]]>
              </value>
            </param>
            <param index="1">
              <value>
                <![CDATA["Login functionality of leaftaps application"]]>
              </value>
            </param>
          </params>
          <exception class="java.lang.NullPointerException">
            <full-stacktrace>
              <![CDATA[java.lang.NullPointerException
at utils.Reporter.reportStep(Reporter.java:62)
at utils.Reporter.reportStep(Reporter.java:71)
at com.leafBot.selenium.api.base.SeleniumBase.clearAndType(SeleniumBase.java:91)
at com.leafBot.pages.LoginPage.enterUsername(LoginPage.java:33)
at ✽.enter username as Demosalesmanager(src\main\java\features\Login.feature:5)
]]>
            </full-stacktrace>
          </exception> <!-- java.lang.NullPointerException -->
          <reporter-output>
          </reporter-output>
        </test-method> <!-- runScenario -->
        <test-method status="PASS" signature="tearDownClass()[pri:0, instance:com.leafBot.testcases.RunnerClass@18ce0030]" name="tearDownClass" is-config="true" duration-ms="4" started-at="2020-04-20T18:58:25Z" finished-at="2020-04-20T18:58:25Z">
          <reporter-output>
          </reporter-output>
        </test-method> <!-- tearDownClass -->
        <test-method status="PASS" signature="afterMethod()[pri:0, instance:com.leafBot.testcases.RunnerClass@18ce0030]" name="afterMethod" is-config="true" duration-ms="0" started-at="2020-04-20T18:58:25Z" finished-at="2020-04-20T18:58:25Z">
          <reporter-output>
          </reporter-output>
        </test-method> <!-- afterMethod -->
        <test-method status="PASS" signature="stopReport()[pri:0, instance:com.leafBot.testcases.RunnerClass@18ce0030]" name="stopReport" is-config="true" duration-ms="505" started-at="2020-04-20T18:58:25Z" finished-at="2020-04-20T18:58:25Z">
          <reporter-output>
          </reporter-output>
        </test-method> <!-- stopReport -->
      </class> <!-- com.leafBot.testcases.RunnerClass -->
    </test> <!-- Test -->
  </suite> <!-- Suite -->
</testng-results>
