<?xml version="1.0" encoding="UTF-8"?>
<!-- Generated by org.testng.reporters.JUnitReportReporter -->
<testsuite skipped="0" hostname="DESKTOP-U8UDBFC" name="com.leafBot.testcases.RunnerClass" tests="1" failures="0" timestamp="20 Apr 2020 18:58:25 GMT" time="13.122" errors="1">
  <testcase name="runScenario" time="13.122" classname="com.leafBot.testcases.RunnerClass">
    <error type="java.lang.NullPointerException">
      <![CDATA[java.lang.NullPointerException
at utils.Reporter.reportStep(Reporter.java:62)
at utils.Reporter.reportStep(Reporter.java:71)
at com.leafBot.selenium.api.base.SeleniumBase.clearAndType(SeleniumBase.java:91)
at com.leafBot.pages.LoginPage.enterUsername(LoginPage.java:33)
at ✽.enter username as Demosalesmanager(src\main\java\features\Login.feature:5)
]]>
    </error>
  </testcase> <!-- runScenario -->
</testsuite> <!-- com.leafBot.testcases.RunnerClass -->
