<?xml version="1.0" encoding="UTF-8"?>
<testng-results ignored="0" total="2" passed="2" failed="0" skipped="0">
  <reporter-output>
  </reporter-output>
  <suite started-at="2020-07-18T18:14:38 IST" name="Suite" finished-at="2020-07-18T18:15:27 IST" duration-ms="48913">
    <groups>
    </groups>
    <test started-at="2020-07-18T18:14:38 IST" name="Test" finished-at="2020-07-18T18:15:27 IST" duration-ms="48913">
      <class name="com.leaftaps.testcases.TC001_CreateLead">
        <test-method is-config="true" signature="setData()[pri:0, instance:com.leaftaps.testcases.TC001_CreateLead@36b4fe2a]" started-at="2020-07-18T18:14:38 IST" name="setData" finished-at="2020-07-18T18:14:38 IST" duration-ms="27" status="PASS">
          <reporter-output>
          </reporter-output>
        </test-method> <!-- setData -->
        <test-method is-config="true" signature="openApp(java.lang.String)[pri:0, instance:com.leaftaps.testcases.TC001_CreateLead@36b4fe2a]" started-at="2020-07-18T18:14:40 IST" name="openApp" finished-at="2020-07-18T18:14:48 IST" duration-ms="8035" status="PASS">
          <params>
            <param index="0">
              <value>
                <![CDATA[http://leaftaps.com/opentaps]]>
              </value>
            </param>
          </params>
          <reporter-output>
          </reporter-output>
        </test-method> <!-- openApp -->
        <test-method signature="runCreateLead(java.lang.String, java.lang.String, java.lang.String, java.lang.String, java.lang.String)[pri:0, instance:com.leaftaps.testcases.TC001_CreateLead@36b4fe2a]" started-at="2020-07-18T18:14:48 IST" name="runCreateLead" data-provider="ArrayData" finished-at="2020-07-18T18:14:59 IST" duration-ms="11195" status="PASS">
          <params>
            <param index="0">
              <value>
                <![CDATA[Demosalesmanager]]>
              </value>
            </param>
            <param index="1">
              <value>
                <![CDATA[crmsfa]]>
              </value>
            </param>
            <param index="2">
              <value>
                <![CDATA[TL]]>
              </value>
            </param>
            <param index="3">
              <value>
                <![CDATA[Balaji]]>
              </value>
            </param>
            <param index="4">
              <value>
                <![CDATA[C]]>
              </value>
            </param>
          </params>
          <reporter-output>
          </reporter-output>
        </test-method> <!-- runCreateLead -->
        <test-method is-config="true" signature="closeApp()[pri:0, instance:com.leaftaps.testcases.TC001_CreateLead@36b4fe2a]" started-at="2020-07-18T18:14:59 IST" name="closeApp" finished-at="2020-07-18T18:15:03 IST" duration-ms="4224" status="PASS">
          <reporter-output>
          </reporter-output>
        </test-method> <!-- closeApp -->
        <test-method is-config="true" signature="openApp(java.lang.String)[pri:0, instance:com.leaftaps.testcases.TC001_CreateLead@36b4fe2a]" started-at="2020-07-18T18:15:03 IST" name="openApp" finished-at="2020-07-18T18:15:10 IST" duration-ms="6455" status="PASS">
          <params>
            <param index="0">
              <value>
                <![CDATA[http://leaftaps.com/opentaps]]>
              </value>
            </param>
          </params>
          <reporter-output>
          </reporter-output>
        </test-method> <!-- openApp -->
        <test-method signature="runCreateLead(java.lang.String, java.lang.String, java.lang.String, java.lang.String, java.lang.String)[pri:0, instance:com.leaftaps.testcases.TC001_CreateLead@36b4fe2a]" started-at="2020-07-18T18:15:10 IST" name="runCreateLead" data-provider="ArrayData" finished-at="2020-07-18T18:15:23 IST" duration-ms="13203" status="PASS">
          <params>
            <param index="0">
              <value>
                <![CDATA[Demosalesmanager]]>
              </value>
            </param>
            <param index="1">
              <value>
                <![CDATA[crmsfa]]>
              </value>
            </param>
            <param index="2">
              <value>
                <![CDATA[TL]]>
              </value>
            </param>
            <param index="3">
              <value>
                <![CDATA[Dhivya]]>
              </value>
            </param>
            <param index="4">
              <value>
                <![CDATA[P]]>
              </value>
            </param>
          </params>
          <reporter-output>
          </reporter-output>
        </test-method> <!-- runCreateLead -->
        <test-method is-config="true" signature="closeApp()[pri:0, instance:com.leaftaps.testcases.TC001_CreateLead@36b4fe2a]" started-at="2020-07-18T18:15:23 IST" name="closeApp" finished-at="2020-07-18T18:15:27 IST" duration-ms="4140" status="PASS">
          <reporter-output>
          </reporter-output>
        </test-method> <!-- closeApp -->
      </class> <!-- com.leaftaps.testcases.TC001_CreateLead -->
    </test> <!-- Test -->
  </suite> <!-- Suite -->
</testng-results>
